<?xml version="1.0" encoding="UTF-8"?>
<testsuite name="ProtocolTest" tests="3" skipped="0" failures="0" errors="0" timestamp="2026-09-17T02:18:21.026Z" hostname="ASUS-Lev" time="0.012">
  <properties/>
  <testcase name="parse возвращает null, если UUID невалиден()" classname="ProtocolTest" time="0.003"/>
  <testcase name="parse возвращает null при неверном magic-префиксе()" classname="ProtocolTest" time="0.001"/>
  <testcase name="formatBytes и parse корректно кодируют и декодируют UUID()" classname="ProtocolTest" time="0.005"/>
  <system-out><![CDATA[]]></system-out>
  <system-err><![CDATA[]]></system-err>
</testsuite>
